<?xml version="1.0" encoding="UTF-8"?>
<!-- Generated by org.testng.reporters.JUnitXMLReporter -->
<testsuite hostname="DELL-235CI4GQPV" ignored="2" name="Sprint 1" tests="2" failures="0" timestamp="06 Jun 2019 22:21:39 GMT" time="0.3" errors="0">
  <testcase name="second" time="0.043" classname="com.class02.enableAndDisable"/>
  <testcase name="forth" time="0.006" classname="com.class02.enableAndDisable"/>
  <testcase name="third" time="0.0" classname="com.class02.enableAndDisable">
    <ignored/>
  </testcase> <!-- third -->
  <testcase name="fist" time="0.0" classname="com.class02.enableAndDisable">
    <ignored/>
  </testcase> <!-- fist -->
</testsuite> <!-- Sprint 1 -->
