<?xml version="1.0" encoding="UTF-8"?>
<!-- Generated by org.testng.reporters.JUnitXMLReporter -->
<testsuite hostname="DELL-235CI4GQPV" ignored="0" name="Sprint 2" tests="4" failures="0" timestamp="06 Jun 2019 22:21:39 GMT" time="0.094" errors="0">
  <testcase name="fist" time="0.0" classname="com.class02.priorty"/>
  <testcase name="second" time="0.016" classname="com.class02.priorty"/>
  <testcase name="third" time="0.015" classname="com.class02.priorty"/>
  <testcase name="forth" time="0.0" classname="com.class02.priorty"/>
</testsuite> <!-- Sprint 2 -->
