<?xml version="1.0" encoding="UTF-8"?>
<!-- Generated by org.testng.reporters.JUnitXMLReporter -->
<testsuite hostname="DELL-235CI4GQPV" ignored="0" name="BasicTest" tests="6" failures="0" timestamp="06 Jun 2019 23:29:23 GMT" time="0.195" errors="0">
  <testcase name="testOneFromBasic1" time="0.054" classname="com.class03.BasicXMLPartOne"/>
  <testcase name="testSecondFromBasic1" time="0.016" classname="com.class03.BasicXMLPartOne"/>
  <testcase name="testThirdFromBasic1" time="0.016" classname="com.class03.BasicXMLPartOne"/>
  <testcase name="testOneFromBasic2" time="0.015" classname="com.class03.BasicXMLPartTwo"/>
  <testcase name="testSecondFromBasic2" time="0.016" classname="com.class03.BasicXMLPartTwo"/>
  <testcase name="testThirdFromBasic2" time="0.015" classname="com.class03.BasicXMLPartTwo"/>
</testsuite> <!-- BasicTest -->
